# JRE version: OpenJDK Runtime Environment (17.0.10) (build 17.0.10+0-17.0.10b1087.21-11572160)
# Java VM: OpenJDK 64-Bit Server VM (17.0.10+0-17.0.10b1087.21-11572160, mixed mode, tiered, compressed oops, compressed class ptrs, g1 gc, linux-amd64)
GC Precious Log:
 CPUs: 4 total, 4 available
 Memory: 11880M
 Large Page Support: Disabled
 NUMA Support: Disabled
 Compressed Oops: Enabled (32-bit)
 Heap Region Size: 1M
 Heap Min Capacity: 8M
 Heap Initial Capacity: 186M
 Heap Max Capacity: 2G
 Pre-touch: Disabled
 Parallel Workers: 4
 Concurrent Workers: 1
 Concurrent Refinement Workers: 4
 Periodic GC: Disabled
Heap:
 garbage-first heap   total 316416K, used 105170K [0x0000000080000000, 0x0000000100000000)
  region size 1024K, 34 young (34816K), 1 survivors (1024K)
 Metaspace       used 79597K, committed 80192K, reserved 1179648K
  class space    used 11047K, committed 11328K, reserved 1048576K
GC Heap History (20 events):
Event: 9.726 GC heap before
{Heap before GC invocations=18 (full 0):
 garbage-first heap   total 107520K, used 79675K [0x0000000080000000, 0x0000000100000000)
  region size 1024K, 31 young (31744K), 5 survivors (5120K)
 Metaspace       used 59890K, committed 60544K, reserved 1114112K
  class space    used 8306K, committed 8640K, reserved 1048576K
}
Event: 9.730 GC heap after
{Heap after GC invocations=19 (full 0):
 garbage-first heap   total 107520K, used 55129K [0x0000000080000000, 0x0000000100000000)
  region size 1024K, 2 young (2048K), 2 survivors (2048K)
 Metaspace       used 59890K, committed 60544K, reserved 1114112K
  class space    used 8306K, committed 8640K, reserved 1048576K
}
Event: 9.775 GC heap before
{Heap before GC invocations=19 (full 0):
 garbage-first heap   total 107520K, used 57177K [0x0000000080000000, 0x0000000100000000)
  region size 1024K, 5 young (5120K), 2 survivors (2048K)
 Metaspace       used 60166K, committed 60736K, reserved 1114112K
  class space    used 8331K, committed 8640K, reserved 1048576K
}
Event: 9.778 GC heap after
{Heap after GC invocations=20 (full 0):
 garbage-first heap   total 107520K, used 55196K [0x0000000080000000, 0x0000000100000000)
  region size 1024K, 1 young (1024K), 1 survivors (1024K)
 Metaspace       used 60166K, committed 60736K, reserved 1114112K
  class space    used 8331K, committed 8640K, reserved 1048576K
}
Event: 10.201 GC heap before
{Heap before GC invocations=20 (full 0):
 garbage-first heap   total 107520K, used 81820K [0x0000000080000000, 0x0000000100000000)
  region size 1024K, 28 young (28672K), 1 survivors (1024K)
 Metaspace       used 63112K, committed 63616K, reserved 1114112K
  class space    used 8655K, committed 8896K, reserved 1048576K
}
Event: 10.205 GC heap after
{Heap after GC invocations=21 (full 0):
 garbage-first heap   total 107520K, used 55701K [0x0000000080000000, 0x0000000100000000)
  region size 1024K, 1 young (1024K), 1 survivors (1024K)
 Metaspace       used 63112K, committed 63616K, reserved 1114112K
  class space    used 8655K, committed 8896K, reserved 1048576K
}
Event: 10.803 GC heap before
{Heap before GC invocations=22 (full 0):
 garbage-first heap   total 107520K, used 85397K [0x0000000080000000, 0x0000000100000000)
  region size 1024K, 29 young (29696K), 1 survivors (1024K)
 Metaspace       used 66511K, committed 67136K, reserved 1114112K
  class space    used 9138K, committed 9472K, reserved 1048576K
}
Event: 10.810 GC heap after
{Heap after GC invocations=23 (full 0):
 garbage-first heap   total 107520K, used 59792K [0x0000000080000000, 0x0000000100000000)
  region size 1024K, 4 young (4096K), 4 survivors (4096K)
 Metaspace       used 66511K, committed 67136K, reserved 1114112K
  class space    used 9138K, committed 9472K, reserved 1048576K
}
Event: 10.815 GC heap before
{Heap before GC invocations=23 (full 0):
 garbage-first heap   total 107520K, used 59792K [0x0000000080000000, 0x0000000100000000)
  region size 1024K, 5 young (5120K), 4 survivors (4096K)
 Metaspace       used 66511K, committed 67136K, reserved 1114112K
  class space    used 9138K, committed 9472K, reserved 1048576K
}
Event: 10.822 GC heap after
{Heap after GC invocations=24 (full 0):
 garbage-first heap   total 138240K, used 59889K [0x0000000080000000, 0x0000000100000000)
  region size 1024K, 1 young (1024K), 1 survivors (1024K)
 Metaspace       used 66511K, committed 67136K, reserved 1114112K
  class space    used 9138K, committed 9472K, reserved 1048576K
}
Event: 10.951 GC heap before
{Heap before GC invocations=24 (full 0):
 garbage-first heap   total 138240K, used 69105K [0x0000000080000000, 0x0000000100000000)
  region size 1024K, 8 young (8192K), 1 survivors (1024K)
 Metaspace       used 66516K, committed 67136K, reserved 1114112K
  class space    used 9138K, committed 9472K, reserved 1048576K
}
Event: 10.955 GC heap after
{Heap after GC invocations=25 (full 0):
 garbage-first heap   total 138240K, used 61517K [0x0000000080000000, 0x0000000100000000)
  region size 1024K, 2 young (2048K), 2 survivors (2048K)
 Metaspace       used 66516K, committed 67136K, reserved 1114112K
  class space    used 9138K, committed 9472K, reserved 1048576K
}
Event: 11.692 GC heap before
{Heap before GC invocations=25 (full 0):
 garbage-first heap   total 138240K, used 109645K [0x0000000080000000, 0x0000000100000000)
  region size 1024K, 48 young (49152K), 2 survivors (2048K)
 Metaspace       used 69921K, committed 70592K, reserved 1114112K
  class space    used 9602K, committed 9920K, reserved 1048576K
}
Event: 11.696 GC heap after
{Heap after GC invocations=26 (full 0):
 garbage-first heap   total 138240K, used 64695K [0x0000000080000000, 0x0000000100000000)
  region size 1024K, 4 young (4096K), 4 survivors (4096K)
 Metaspace       used 69921K, committed 70592K, reserved 1114112K
  class space    used 9602K, committed 9920K, reserved 1048576K
}
Event: 12.381 GC heap before
{Heap before GC invocations=26 (full 0):
 garbage-first heap   total 138240K, used 110775K [0x0000000080000000, 0x0000000100000000)
  region size 1024K, 49 young (50176K), 4 survivors (4096K)
 Metaspace       used 74891K, committed 75456K, reserved 1114112K
  class space    used 10282K, committed 10560K, reserved 1048576K
}
Event: 12.389 GC heap after
{Heap after GC invocations=27 (full 0):
 garbage-first heap   total 138240K, used 67832K [0x0000000080000000, 0x0000000100000000)
  region size 1024K, 7 young (7168K), 7 survivors (7168K)
 Metaspace       used 74891K, committed 75456K, reserved 1114112K
  class space    used 10282K, committed 10560K, reserved 1048576K
}
Event: 12.827 GC heap before
{Heap before GC invocations=27 (full 0):
 garbage-first heap   total 138240K, used 111864K [0x0000000080000000, 0x0000000100000000)
  region size 1024K, 50 young (51200K), 7 survivors (7168K)
 Metaspace       used 77017K, committed 77632K, reserved 1179648K
  class space    used 10585K, committed 10880K, reserved 1048576K
}
Event: 12.838 GC heap after
{Heap after GC invocations=28 (full 0):
 garbage-first heap   total 138240K, used 70532K [0x0000000080000000, 0x0000000100000000)
  region size 1024K, 6 young (6144K), 6 survivors (6144K)
 Metaspace       used 77017K, committed 77632K, reserved 1179648K
  class space    used 10585K, committed 10880K, reserved 1048576K
}
Event: 12.880 GC heap before
{Heap before GC invocations=28 (full 0):
 garbage-first heap   total 138240K, used 73604K [0x0000000080000000, 0x0000000100000000)
  region size 1024K, 10 young (10240K), 6 survivors (6144K)
 Metaspace       used 77256K, committed 77888K, reserved 1179648K
  class space    used 10614K, committed 10944K, reserved 1048576K
}
Event: 12.890 GC heap after
{Heap after GC invocations=29 (full 0):
 garbage-first heap   total 316416K, used 71378K [0x0000000080000000, 0x0000000100000000)
  region size 1024K, 1 young (1024K), 1 survivors (1024K)
 Metaspace       used 77256K, committed 77888K, reserved 1179648K
  class space    used 10614K, committed 10944K, reserved 1048576K
}

